This is pdfTeX, Version 3.1415926-1.40.11 (MiKTeX 2.9) (preloaded format=latex 2011.11.3)  9 SEP 2012 21:31
entering extended mode
**nonobtuse_remeshing.tex
("D:\My SVN Project\Nonobtuse_my\Latext\Our\2.0\nonobtuse_remeshing.tex"
LaTeX2e <2009/09/24>
Babel <v3.8l> and hyphenation patterns for loaded.
("D:\My SVN Project\Nonobtuse_my\Latext\Our\2.0\IEEEtran.cls"
Document Class: IEEEtran 2007/03/05 V1.7a by Michael Shell
-- See the "IEEEtran_HOWTO" manual for usage information.
-- http://www.michaelshell.org/tex/ieeetran/
\@IEEEtrantmpdimenA=\dimen102
\@IEEEtrantmpdimenB=\dimen103
\@IEEEtrantmpcountA=\count79
\@IEEEtrantmpcountB=\count80
\@IEEEtrantmptoksA=\toks14
-- Using IEEE Computer Society mode.
LaTeX Font Info:    Try loading font information for OT1+ppl on input line 377.

("C:\Program Files (x86)\CTEX\MiKTeX\tex\latex\psnfss\ot1ppl.fd"
File: ot1ppl.fd 2001/06/04 font definitions for OT1/ppl.
)
-- Using 7.875in x 10.75in (letter) paper.
-- Using DVI output.
\@IEEEnormalsizeunitybaselineskip=\dimen104
-- This is a 10 point document.
\CLASSINFOnormalsizebaselineskip=\dimen105
\CLASSINFOnormalsizeunitybaselineskip=\dimen106
\IEEEnormaljot=\dimen107
LaTeX Font Info:    Font shape `OT1/ppl/bx/n' in size <5> not available
(Font)              Font shape `OT1/ppl/b/n' tried instead on input line 735.
LaTeX Font Info:    Font shape `OT1/ppl/bx/it' in size <5> not available
(Font)              Font shape `OT1/ppl/b/it' tried instead on input line 735.
LaTeX Font Info:    Font shape `OT1/ppl/bx/n' in size <7> not available
(Font)              Font shape `OT1/ppl/b/n' tried instead on input line 735.
LaTeX Font Info:    Font shape `OT1/ppl/bx/it' in size <7> not available
(Font)              Font shape `OT1/ppl/b/it' tried instead on input line 735.
LaTeX Font Info:    Font shape `OT1/ppl/bx/n' in size <8> not available
(Font)              Font shape `OT1/ppl/b/n' tried instead on input line 735.
LaTeX Font Info:    Font shape `OT1/ppl/bx/it' in size <8> not available
(Font)              Font shape `OT1/ppl/b/it' tried instead on input line 735.
LaTeX Font Info:    Font shape `OT1/ppl/bx/n' in size <9> not available
(Font)              Font shape `OT1/ppl/b/n' tried instead on input line 735.
LaTeX Font Info:    Font shape `OT1/ppl/bx/it' in size <9> not available
(Font)              Font shape `OT1/ppl/b/it' tried instead on input line 735.
LaTeX Font Info:    Font shape `OT1/ppl/bx/n' in size <10> not available
(Font)              Font shape `OT1/ppl/b/n' tried instead on input line 735.
LaTeX Font Info:    Font shape `OT1/ppl/bx/it' in size <10> not available
(Font)              Font shape `OT1/ppl/b/it' tried instead on input line 735.
LaTeX Font Info:    Font shape `OT1/ppl/bx/n' in size <11> not available
(Font)              Font shape `OT1/ppl/b/n' tried instead on input line 735.
LaTeX Font Info:    Font shape `OT1/ppl/bx/it' in size <11> not available
(Font)              Font shape `OT1/ppl/b/it' tried instead on input line 735.
LaTeX Font Info:    Font shape `OT1/ppl/bx/n' in size <12> not available
(Font)              Font shape `OT1/ppl/b/n' tried instead on input line 735.
LaTeX Font Info:    Font shape `OT1/ppl/bx/it' in size <12> not available
(Font)              Font shape `OT1/ppl/b/it' tried instead on input line 735.
LaTeX Font Info:    Font shape `OT1/ppl/bx/n' in size <17> not available
(Font)              Font shape `OT1/ppl/b/n' tried instead on input line 735.
LaTeX Font Info:    Font shape `OT1/ppl/bx/it' in size <17> not available
(Font)              Font shape `OT1/ppl/b/it' tried instead on input line 735.
LaTeX Font Info:    Font shape `OT1/ppl/bx/n' in size <20> not available
(Font)              Font shape `OT1/ppl/b/n' tried instead on input line 735.
LaTeX Font Info:    Font shape `OT1/ppl/bx/it' in size <20> not available
(Font)              Font shape `OT1/ppl/b/it' tried instead on input line 735.
LaTeX Font Info:    Font shape `OT1/ppl/bx/n' in size <24> not available
(Font)              Font shape `OT1/ppl/b/n' tried instead on input line 735.
LaTeX Font Info:    Font shape `OT1/ppl/bx/it' in size <24> not available
(Font)              Font shape `OT1/ppl/b/it' tried instead on input line 735.
\IEEEilabelindentA=\dimen108
\IEEEilabelindentB=\dimen109
\IEEEilabelindent=\dimen110
\IEEEelabelindent=\dimen111
\IEEEdlabelindent=\dimen112
\IEEElabelindent=\dimen113
\IEEEiednormlabelsep=\dimen114
\IEEEiedmathlabelsep=\dimen115
\IEEEiedtopsep=\skip41
\c@section=\count81
\c@subsection=\count82
\c@subsubsection=\count83
\c@paragraph=\count84
\c@IEEEsubequation=\count85
\abovecaptionskip=\skip42
\belowcaptionskip=\skip43
\c@figure=\count86
\c@table=\count87
\@IEEEeqnnumcols=\count88
\@IEEEeqncolcnt=\count89
\@IEEEtmpitemindent=\dimen116
\c@IEEEbiography=\count90
\@IEEEtranrubishbin=\box26
) ("C:\Program Files (x86)\CTEX\MiKTeX\tex\latex\cite\cite.sty"
LaTeX Info: Redefining \cite on input line 302.
LaTeX Info: Redefining \nocite on input line 373.
Package: cite 2010/09/10  v 5.3
)
("C:\Program Files (x86)\CTEX\MiKTeX\tex\latex\graphics\graphicx.sty"
Package: graphicx 1999/02/16 v1.0f Enhanced LaTeX Graphics (DPC,SPQR)

("C:\Program Files (x86)\CTEX\MiKTeX\tex\latex\graphics\keyval.sty"
Package: keyval 1999/03/16 v1.13 key=value parser (DPC)
\KV@toks@=\toks15
)
("C:\Program Files (x86)\CTEX\MiKTeX\tex\latex\graphics\graphics.sty"
Package: graphics 2009/02/05 v1.0o Standard LaTeX Graphics (DPC,SPQR)

("C:\Program Files (x86)\CTEX\MiKTeX\tex\latex\graphics\trig.sty"
Package: trig 1999/03/16 v1.09 sin cos tan (DPC)
)
("C:\Program Files (x86)\CTEX\MiKTeX\tex\latex\00miktex\graphics.cfg"
File: graphics.cfg 2007/01/18 v1.5 graphics configuration of teTeX/TeXLive
)
Package graphics Info: Driver file: dvips.def on input line 91.

("C:\Program Files (x86)\CTEX\MiKTeX\tex\latex\graphics\dvips.def"
File: dvips.def 1999/02/16 v3.0i Driver-dependant file (DPC,SPQR)
))
\Gin@req@height=\dimen117
\Gin@req@width=\dimen118
)
("C:\Program Files (x86)\CTEX\MiKTeX\tex\latex\multirow\multirow.sty"
\bigstrutjot=\dimen119
)
("C:\Program Files (x86)\CTEX\MiKTeX\tex\latex\amsfonts\amssymb.sty"
Package: amssymb 2009/06/22 v3.00

("C:\Program Files (x86)\CTEX\MiKTeX\tex\latex\amsfonts\amsfonts.sty"
Package: amsfonts 2009/06/22 v3.00 Basic AMSFonts support
\@emptytoks=\toks16
\symAMSa=\mathgroup4
\symAMSb=\mathgroup5
LaTeX Font Info:    Overwriting math alphabet `\mathfrak' in version `bold'
(Font)                  U/euf/m/n --> U/euf/b/n on input line 96.
))
("C:\Program Files (x86)\CTEX\MiKTeX\tex\latex\ams\math\amsmath.sty"
Package: amsmath 2000/07/18 v2.13 AMS math features
\@mathmargin=\skip44

For additional information on amsmath, use the `?' option.
("C:\Program Files (x86)\CTEX\MiKTeX\tex\latex\ams\math\amstext.sty"
Package: amstext 2000/06/29 v2.01

("C:\Program Files (x86)\CTEX\MiKTeX\tex\latex\ams\math\amsgen.sty"
File: amsgen.sty 1999/11/30 v2.0
\@emptytoks=\toks17
\ex@=\dimen120
))
("C:\Program Files (x86)\CTEX\MiKTeX\tex\latex\ams\math\amsbsy.sty"
Package: amsbsy 1999/11/29 v1.2d
\pmbraise@=\dimen121
)
("C:\Program Files (x86)\CTEX\MiKTeX\tex\latex\ams\math\amsopn.sty"
Package: amsopn 1999/12/14 v2.01 operator names
)
\inf@bad=\count91
LaTeX Info: Redefining \frac on input line 211.
\uproot@=\count92
\leftroot@=\count93
LaTeX Info: Redefining \overline on input line 307.
\classnum@=\count94
\DOTSCASE@=\count95
LaTeX Info: Redefining \ldots on input line 379.
LaTeX Info: Redefining \dots on input line 382.
LaTeX Info: Redefining \cdots on input line 467.
\Mathstrutbox@=\box27
\strutbox@=\box28
\big@size=\dimen122
LaTeX Font Info:    Redeclaring font encoding OML on input line 567.
LaTeX Font Info:    Redeclaring font encoding OMS on input line 568.
\macc@depth=\count96
\c@MaxMatrixCols=\count97
\dotsspace@=\muskip10
\c@parentequation=\count98
\dspbrk@lvl=\count99
\tag@help=\toks18
\row@=\count100
\column@=\count101
\maxfields@=\count102
\andhelp@=\toks19
\eqnshift@=\dimen123
\alignsep@=\dimen124
\tagshift@=\dimen125
\tagwidth@=\dimen126
\totwidth@=\dimen127
\lineht@=\dimen128
\@envbody=\toks20
\multlinegap=\skip45
\multlinetaggap=\skip46
\mathdisplay@stack=\toks21
LaTeX Info: Redefining \[ on input line 2666.
LaTeX Info: Redefining \] on input line 2667.
)
("C:\Program Files (x86)\CTEX\MiKTeX\tex\latex\ams\classes\amsthm.sty"
Package: amsthm 2004/08/06 v2.20
\thm@style=\toks22
\thm@bodyfont=\toks23
\thm@headfont=\toks24
\thm@notefont=\toks25
\thm@headpunct=\toks26
\thm@preskip=\skip47
\thm@postskip=\skip48
\thm@headsep=\skip49
\dth@everypar=\toks27
)
\c@theorem=\count103
\c@proposition=\count104

("C:\Program Files (x86)\CTEX\MiKTeX\tex\latex\ltxmisc\url.sty"
\Urlmuskip=\muskip11
Package: url 2006/04/12  ver 3.3  Verb mode for urls, etc.
)
("C:\Program Files (x86)\CTEX\MiKTeX\tex\latex\hyperref\hyperref.sty"
Package: hyperref 2010/11/26 v6.81v Hypertext links for LaTeX

("C:\Program Files (x86)\CTEX\MiKTeX\tex\generic\oberdiek\ltxcmds.sty"
Package: ltxcmds 2010/04/26 v1.7 LaTeX kernel commands for general use (HO)
)
("C:\Program Files (x86)\CTEX\MiKTeX\tex\generic\oberdiek\ifpdf.sty"
Package: ifpdf 2010/01/28 v2.1 Provides the ifpdf switch (HO)
Package ifpdf Info: pdfTeX in pdf mode not detected.
)
("C:\Program Files (x86)\CTEX\MiKTeX\tex\generic\oberdiek\pdftexcmds.sty"
Package: pdftexcmds 2010/04/01 v0.9 Utility functions of pdfTeX for LuaTeX (HO)


("C:\Program Files (x86)\CTEX\MiKTeX\tex\generic\oberdiek\infwarerr.sty"
Package: infwarerr 2010/04/08 v1.3 Providing info/warning/message (HO)
)
("C:\Program Files (x86)\CTEX\MiKTeX\tex\generic\oberdiek\ifluatex.sty"
Package: ifluatex 2010/03/01 v1.3 Provides the ifluatex switch (HO)
Package ifluatex Info: LuaTeX not detected.
)
Package pdftexcmds Info: LuaTeX not detected.
Package pdftexcmds Info: \pdf@primitive is available.
Package pdftexcmds Info: \pdf@ifprimitive is available.
)
("C:\Program Files (x86)\CTEX\MiKTeX\tex\generic\oberdiek\kvsetkeys.sty"
Package: kvsetkeys 2010/03/01 v1.9 Key value parser (HO)

("C:\Program Files (x86)\CTEX\MiKTeX\tex\generic\oberdiek\etexcmds.sty"
Package: etexcmds 2010/01/28 v1.3 Prefix for e-TeX command names (HO)
Package etexcmds Info: Could not find \expanded.
(etexcmds)             That can mean that you are not using pdfTeX 1.50 or
(etexcmds)             that some package has redefined \expanded.
(etexcmds)             In the latter case, load this package earlier.
))
("C:\Program Files (x86)\CTEX\MiKTeX\tex\generic\oberdiek\pdfescape.sty"
Package: pdfescape 2010/03/01 v1.9 Provides hex, PDF name and string conversion
s (HO)
)
("C:\Program Files (x86)\CTEX\MiKTeX\tex\generic\oberdiek\ifvtex.sty"
Package: ifvtex 2010/03/01 v1.5 Switches for detecting VTeX and its modes (HO)
Package ifvtex Info: VTeX not detected.
)
("C:\Program Files (x86)\CTEX\MiKTeX\tex\generic\ifxetex\ifxetex.sty"
Package: ifxetex 2010/09/12 v0.6 Provides ifxetex conditional
)
("C:\Program Files (x86)\CTEX\MiKTeX\tex\latex\oberdiek\hycolor.sty"
Package: hycolor 2009/12/12 v1.6 Color options of hyperref/bookmark (HO)

("C:\Program Files (x86)\CTEX\MiKTeX\tex\latex\oberdiek\xcolor-patch.sty"
Package: xcolor-patch 2009/12/12 xcolor patch
))
("C:\Program Files (x86)\CTEX\MiKTeX\tex\latex\oberdiek\letltxmacro.sty"
Package: letltxmacro 2008/06/24 v1.3 Let assignment for LaTeX macros (HO)
)
("C:\Program Files (x86)\CTEX\MiKTeX\tex\latex\oberdiek\kvoptions.sty"
Package: kvoptions 2010/02/22 v3.7 Keyval support for LaTeX options (HO)
)
\@linkdim=\dimen129
\Hy@linkcounter=\count105
\Hy@pagecounter=\count106

("C:\Program Files (x86)\CTEX\MiKTeX\tex\latex\hyperref\pd1enc.def"
File: pd1enc.def 2010/11/26 v6.81v Hyperref: PDFDocEncoding definition (HO)
)
("C:\Program Files (x86)\CTEX\MiKTeX\tex\generic\oberdiek\intcalc.sty"
Package: intcalc 2007/09/27 v1.1 Expandable integer calculations (HO)
)
\Hy@SavedSpaceFactor=\count107

("C:\Program Files (x86)\CTEX\MiKTeX\tex\latex\00miktex\hyperref.cfg"
File: hyperref.cfg 2002/06/06 v1.2 hyperref configuration of TeXLive
)
Package hyperref Info: Hyper figures OFF on input line 3993.
Package hyperref Info: Link nesting OFF on input line 3998.
Package hyperref Info: Hyper index ON on input line 4001.
Package hyperref Info: Plain pages OFF on input line 4008.
Package hyperref Info: Backreferencing OFF on input line 4013.
Package hyperref Info: Implicit mode ON; LaTeX internals redefined.
Package hyperref Info: Bookmarks ON on input line 4228.
\c@Hy@tempcnt=\count108
LaTeX Info: Redefining \url on input line 4583.

("C:\Program Files (x86)\CTEX\MiKTeX\tex\generic\oberdiek\bitset.sty"
Package: bitset 2007/09/28 v1.0 Data type bit set (HO)

("C:\Program Files (x86)\CTEX\MiKTeX\tex\generic\oberdiek\bigintcalc.sty"
Package: bigintcalc 2007/11/11 v1.1 Expandable big integer calculations (HO)
))
\Fld@menulength=\count109
\Field@Width=\dimen130
\Fld@charsize=\dimen131
Package hyperref Info: Hyper figures OFF on input line 5667.
Package hyperref Info: Link nesting OFF on input line 5672.
Package hyperref Info: Hyper index ON on input line 5675.
Package hyperref Info: backreferencing OFF on input line 5682.
Package hyperref Info: Link coloring OFF on input line 5687.
Package hyperref Info: Link coloring with OCG OFF on input line 5692.
Package hyperref Info: PDF/A mode OFF on input line 5697.
LaTeX Info: Redefining \ref on input line 5737.
LaTeX Info: Redefining \pageref on input line 5741.

("C:\Program Files (x86)\CTEX\MiKTeX\tex\generic\oberdiek\atbegshi.sty"
Package: atbegshi 2010/03/25 v1.12 At begin shipout hook (HO)
)
\Hy@abspage=\count110
\c@Item=\count111
\c@Hfootnote=\count112
)

Package hyperref Message: Driver (default): hdvips.

("C:\Program Files (x86)\CTEX\MiKTeX\tex\latex\hyperref\hdvips.def"
File: hdvips.def 2010/11/26 v6.81v Hyperref driver for dvips

("C:\Program Files (x86)\CTEX\MiKTeX\tex\latex\hyperref\pdfmark.def"
File: pdfmark.def 2010/11/26 v6.81v Hyperref definitions for pdfmark specials
\pdf@docset=\toks28
\pdf@box=\box29
\pdf@toks=\toks29
\pdf@defaulttoks=\toks30
\Fld@listcount=\count113
\c@bookmark@seq@number=\count114

("C:\Program Files (x86)\CTEX\MiKTeX\tex\latex\oberdiek\rerunfilecheck.sty"
Package: rerunfilecheck 2010/03/16 v1.6 Rerun checks for auxiliary files (HO)

("C:\Program Files (x86)\CTEX\MiKTeX\tex\latex\oberdiek\atveryend.sty"
Package: atveryend 2010/03/24 v1.5 Hooks at very end of document (HO)
Package atveryend Info: \enddocument detected (standard).
)
("C:\Program Files (x86)\CTEX\MiKTeX\tex\generic\oberdiek\uniquecounter.sty"
Package: uniquecounter 2009/12/18 v1.1 Provides unlimited unique counter (HO)
)
Package uniquecounter Info: New unique counter `rerunfilecheck' on input line 2
71.
)
\Hy@SectionHShift=\skip50
)) ("C:\Program Files (x86)\CTEX\MiKTeX\tex\latex\algorithm2e\algorithm2e.sty"
Package: algorithm2e 2008/00/00 v3.10 algorithms environments
\c@AlgoLine=\count115

("C:\Program Files (x86)\CTEX\MiKTeX\tex\latex\base\ifthen.sty"
Package: ifthen 2001/05/26 v1.1c Standard LaTeX ifthen package (DPC)
)
("C:\Program Files (x86)\CTEX\MiKTeX\tex\latex\tools\xspace.sty"
Package: xspace 2006/05/08 v1.12 Space after command names (DPC,MH)
)
("C:\Program Files (x86)\CTEX\MiKTeX\tex\latex\ltxmisc\relsize.sty"
Package: relsize 2003/07/04 ver 3.1
)
********************************************************
Package `algorithm2e' Release 4.01 -- december 14 2009 --
- algorithm2e-announce@lirmm.fr mailing list for announcement about releases
- algorithm2e-discussion@lirmm.fr mailing list for discussion about package
subscribe by emailing sympa@lirmm.fr with 'subscribe <list> <firstname name>'
- Author: Christophe Fiorio (fiorio@lirmm.fr)
********************************************************
\skiptotal=\skip51
\skiplinenumber=\skip52
\skiprule=\skip53
\skiphlne=\skip54
\skiptext=\skip55
\skiplength=\skip56
\algomargin=\skip57
\skipalgocfslide=\skip58
\algowidth=\dimen132
\inoutsize=\dimen133
\inoutline=\dimen134
\interspacetitleruled=\dimen135
\interspacealgoruled=\dimen136
\interspacetitleboxruled=\dimen137
\algocf@inoutbox=\box30
\algocf@inputbox=\box31
\AlCapSkip=\skip59
\AlCapHSkip=\skip60
\algocf@nlbox=\box32
\algocf@hangingbox=\box33
\algocf@capbox=\box34
\algoheightruledefault=\skip61
\algoheightrule=\skip62
\algotitleheightruledefault=\skip63
\algotitleheightrule=\skip64
\c@algocfline=\count116
\c@algocfproc=\count117
\c@algocf=\count118
\algocf@algoframe=\box35
\algocf@algobox=\box36
) ("D:\My SVN Project\Nonobtuse_my\Latext\Our\2.0\nonobtuse_remeshing.aux")
LaTeX Font Info:    Checking defaults for OML/cmm/m/it on input line 32.
LaTeX Font Info:    ... okay on input line 32.
LaTeX Font Info:    Checking defaults for T1/cmr/m/n on input line 32.
LaTeX Font Info:    ... okay on input line 32.
LaTeX Font Info:    Checking defaults for OT1/cmr/m/n on input line 32.
LaTeX Font Info:    ... okay on input line 32.
LaTeX Font Info:    Checking defaults for OMS/cmsy/m/n on input line 32.
LaTeX Font Info:    ... okay on input line 32.
LaTeX Font Info:    Checking defaults for OMX/cmex/m/n on input line 32.
LaTeX Font Info:    ... okay on input line 32.
LaTeX Font Info:    Checking defaults for U/cmr/m/n on input line 32.
LaTeX Font Info:    ... okay on input line 32.
LaTeX Font Info:    Checking defaults for PD1/pdf/m/n on input line 32.
LaTeX Font Info:    ... okay on input line 32.
\AtBeginShipoutBox=\box37
Package hyperref Info: Link coloring OFF on input line 32.

("C:\Program Files (x86)\CTEX\MiKTeX\tex\latex\hyperref\nameref.sty"
Package: nameref 2010/04/30 v2.40 Cross-referencing by name of section

("C:\Program Files (x86)\CTEX\MiKTeX\tex\latex\oberdiek\refcount.sty"
Package: refcount 2008/08/11 v3.1 Data extraction from references (HO)
)
("C:\Program Files (x86)\CTEX\MiKTeX\tex\generic\oberdiek\gettitlestring.sty"
Package: gettitlestring 2009/12/18 v1.3 Cleanup title references (HO)
)
\c@section@level=\count119
)
LaTeX Info: Redefining \ref on input line 32.
LaTeX Info: Redefining \pageref on input line 32.
LaTeX Info: Redefining \nameref on input line 32.
("D:\My SVN Project\Nonobtuse_my\Latext\Our\2.0\nonobtuse_remeshing.out")
("D:\My SVN Project\Nonobtuse_my\Latext\Our\2.0\nonobtuse_remeshing.out")
\@outlinefile=\write3
LaTeX Font Info:    Try loading font information for OT1+phv on input line 62.

("C:\Program Files (x86)\CTEX\MiKTeX\tex\latex\psnfss\ot1phv.fd"
File: ot1phv.fd 2001/06/04 scalable font definitions for OT1/phv.
)
LaTeX Font Info:    Font shape `OT1/phv/bx/n' in size <8> not available
(Font)              Font shape `OT1/phv/b/n' tried instead on input line 62.
LaTeX Font Info:    Font shape `OT1/phv/m/it' in size <8> not available
(Font)              Font shape `OT1/phv/m/sl' tried instead on input line 62.
LaTeX Font Info:    Try loading font information for U+msa on input line 62.

("C:\Program Files (x86)\CTEX\MiKTeX\tex\latex\amsfonts\umsa.fd"
File: umsa.fd 2009/06/22 v3.00 AMS symbols A
)
LaTeX Font Info:    Try loading font information for U+msb on input line 62.

("C:\Program Files (x86)\CTEX\MiKTeX\tex\latex\amsfonts\umsb.fd"
File: umsb.fd 2009/06/22 v3.00 AMS symbols B
)
** ATTENTION: \keywords is deprecated (line 62). Use \IEEEkeywords instead.
LaTeX Font Info:    Calculating math sizes for size <11> on input line 62.
LaTeX Font Info:    Try loading font information for U+pzd on input line 62.
("C:\Program Files (x86)\CTEX\MiKTeX\tex\latex\psnfss\upzd.fd"
File: upzd.fd 2001/06/04 font definitions for U/pzd.
)
** ATTENTION: \keywords is deprecated (line 62). Use \IEEEkeywords instead.

Underfull \hbox (badness 10000) in paragraph at lines 62--62

 []

LaTeX Font Info:    Font shape `OT1/phv/bx/n' in size <12> not available
(Font)              Font shape `OT1/phv/b/n' tried instead on input line 67.
LaTeX Font Info:    Font shape `OT1/phv/bx/sc' in size <12> not available
(Font)              Font shape `OT1/phv/b/sc' tried instead on input line 67.
LaTeX Font Info:    Font shape `OT1/phv/bx/n' in size <10> not available
(Font)              Font shape `OT1/phv/b/n' tried instead on input line 73.
LaTeX Font Info:    Font shape `OT1/phv/m/it' in size <10> not available
(Font)              Font shape `OT1/phv/m/sl' tried instead on input line 79.

Underfull \hbox (badness 10000) in paragraph at lines 80--82
[]\OT1/ppl/m/n/10 Subsubsection tex-t here.Subsubsection tex-t
 []


Underfull \hbox (badness 10000) in paragraph at lines 80--82
\OT1/ppl/m/n/10 here.Subsubsection tex-t here.Subsubsection tex-t
 []


Underfull \hbox (badness 10000) in paragraph at lines 80--82
\OT1/ppl/m/n/10 here.Subsubsection tex-t here.Subsubsection tex-t
 []


Underfull \hbox (badness 10000) in paragraph at lines 80--82
\OT1/ppl/m/n/10 here.Subsubsection tex-t here.Subsubsection tex-t
 []


Underfull \hbox (badness 10000) in paragraph at lines 80--82
\OT1/ppl/m/n/10 here.Subsubsection tex-t here.Subsubsection tex-t
 []


Underfull \hbox (badness 10000) in paragraph at lines 80--82
\OT1/ppl/m/n/10 here.Subsubsection tex-t here.Subsubsection tex-t
 []


Underfull \hbox (badness 5374) in paragraph at lines 80--82
\OT1/ppl/m/n/10 here.Subsubsection tex-t here. Sub-sub-sec-tion tex-t
 []


Underfull \hbox (badness 10000) in paragraph at lines 83--84
[][]\OT1/ppl/m/n/10 Subsubsection tex-t here.Subsubsection tex-t
 []


Underfull \hbox (badness 10000) in paragraph at lines 83--84
\OT1/ppl/m/n/10 here.Subsubsection tex-t here.Subsubsection tex-t
 []


Underfull \hbox (badness 10000) in paragraph at lines 83--84
\OT1/ppl/m/n/10 here.Subsubsection tex-t here.Subsubsection tex-t
 []


Underfull \hbox (badness 10000) in paragraph at lines 83--84
\OT1/ppl/m/n/10 here.Subsubsection tex-t here.Subsubsection tex-t
 []


Underfull \hbox (badness 10000) in paragraph at lines 83--84
\OT1/ppl/m/n/10 here.Subsubsection tex-t here.Subsubsection tex-t
 []


Underfull \hbox (badness 10000) in paragraph at lines 83--84
\OT1/ppl/m/n/10 here.Subsubsection tex-t here.Subsubsection tex-t
 []


Underfull \hbox (badness 3229) in paragraph at lines 175--176
[]\OT1/ppl/m/n/10 The con-clu-sion goes here. The con-clu-sion goes
 []


Underfull \hbox (badness 10000) in paragraph at lines 203--204
\OT1/ppl/m/n/10 t-wo tex-t goes here.Appendix t-wo tex-t goes
 []


Underfull \hbox (badness 10000) in paragraph at lines 203--204
\OT1/ppl/m/n/10 t-wo tex-t goes here.Appendix t-wo tex-t goes
 []


Underfull \hbox (badness 10000) in paragraph at lines 203--204
\OT1/ppl/m/n/10 t-wo tex-t goes here.Appendix t-wo tex-t goes
 []


Underfull \hbox (badness 1708) in paragraph at lines 203--204
\OT1/ppl/m/n/10 here.Appendix t-wo tex-t goes here.Appendix t-wo
 []

[1


] ("D:\My SVN Project\Nonobtuse_my\Latext\Our\2.0\nonobtuse_remeshing.bbl")
Package atveryend Info: Empty hook `BeforeClearDocument' on input line 230.

[2

]
Package atveryend Info: Empty hook `AfterLastShipout' on input line 230.
 ("D:\My SVN Project\Nonobtuse_my\Latext\Our\2.0\nonobtuse_remeshing.aux")
Package atveryend Info: Executing hook `AtVeryEndDocument' on input line 230.


Package rerunfilecheck Warning: File `nonobtuse_remeshing.out' has changed.
(rerunfilecheck)                Rerun to get outlines right
(rerunfilecheck)                or use package `bookmark'.

Package rerunfilecheck Info: Checksums for `nonobtuse_remeshing.out':
(rerunfilecheck)             Before: EE5B2A2071C455484F58D5BB14163C74;1453
(rerunfilecheck)             After:  B08A8EA56309CAD6A1915E391F25EE4F;431.
 ) 
Here is how much of TeX's memory you used:
 7293 strings out of 495363
 108835 string characters out of 3182926
 210129 words of memory out of 3000000
 10343 multiletter control sequences out of 15000+200000
 34266 words of font info for 94 fonts, out of 3000000 for 9000
 16 hyphenation exceptions out of 8191
 33i,8n,30p,727b,341s stack positions out of 5000i,500n,10000p,200000b,50000s

Output written on nonobtuse_remeshing.dvi (2 pages, 16044 bytes).
