This is pdfTeX, Version 3.1415926-1.40.11 (MiKTeX 2.9) (preloaded format=pdflatex 2011.11.3)  29 AUG 2012 14:01
entering extended mode
**bare_jrnl_compsoc.tex
("D:\My SVN Project\Nonobtuse_my\ieeetran-final_sub\bare_jrnl_compsoc.tex"
LaTeX2e <2009/09/24>
Babel <v3.8l> and hyphenation patterns for loaded.
("D:\My SVN Project\Nonobtuse_my\ieeetran-final_sub\IEEEtran.cls"
Document Class: IEEEtran 2007/03/05 V1.7a by Michael Shell
-- See the "IEEEtran_HOWTO" manual for usage information.
-- http://www.michaelshell.org/tex/ieeetran/
\@IEEEtrantmpdimenA=\dimen102
\@IEEEtrantmpdimenB=\dimen103
\@IEEEtrantmpcountA=\count79
\@IEEEtrantmpcountB=\count80
\@IEEEtrantmptoksA=\toks14
-- Using IEEE Computer Society mode.
LaTeX Font Info:    Try loading font information for OT1+ppl on input line 377.

("C:\Program Files (x86)\CTEX\MiKTeX\tex\latex\psnfss\ot1ppl.fd"
File: ot1ppl.fd 2001/06/04 font definitions for OT1/ppl.
)
-- Using 7.875in x 10.75in (letter) paper.
-- Using PDF output.
\@IEEEnormalsizeunitybaselineskip=\dimen104
-- This is a 10 point document.
\CLASSINFOnormalsizebaselineskip=\dimen105
\CLASSINFOnormalsizeunitybaselineskip=\dimen106
\IEEEnormaljot=\dimen107
LaTeX Font Info:    Font shape `OT1/ppl/bx/n' in size <5> not available
(Font)              Font shape `OT1/ppl/b/n' tried instead on input line 735.
LaTeX Font Info:    Font shape `OT1/ppl/bx/it' in size <5> not available
(Font)              Font shape `OT1/ppl/b/it' tried instead on input line 735.
LaTeX Font Info:    Font shape `OT1/ppl/bx/n' in size <7> not available
(Font)              Font shape `OT1/ppl/b/n' tried instead on input line 735.
LaTeX Font Info:    Font shape `OT1/ppl/bx/it' in size <7> not available
(Font)              Font shape `OT1/ppl/b/it' tried instead on input line 735.
LaTeX Font Info:    Font shape `OT1/ppl/bx/n' in size <8> not available
(Font)              Font shape `OT1/ppl/b/n' tried instead on input line 735.
LaTeX Font Info:    Font shape `OT1/ppl/bx/it' in size <8> not available
(Font)              Font shape `OT1/ppl/b/it' tried instead on input line 735.
LaTeX Font Info:    Font shape `OT1/ppl/bx/n' in size <9> not available
(Font)              Font shape `OT1/ppl/b/n' tried instead on input line 735.
LaTeX Font Info:    Font shape `OT1/ppl/bx/it' in size <9> not available
(Font)              Font shape `OT1/ppl/b/it' tried instead on input line 735.
LaTeX Font Info:    Font shape `OT1/ppl/bx/n' in size <10> not available
(Font)              Font shape `OT1/ppl/b/n' tried instead on input line 735.
LaTeX Font Info:    Font shape `OT1/ppl/bx/it' in size <10> not available
(Font)              Font shape `OT1/ppl/b/it' tried instead on input line 735.
LaTeX Font Info:    Font shape `OT1/ppl/bx/n' in size <11> not available
(Font)              Font shape `OT1/ppl/b/n' tried instead on input line 735.
LaTeX Font Info:    Font shape `OT1/ppl/bx/it' in size <11> not available
(Font)              Font shape `OT1/ppl/b/it' tried instead on input line 735.
LaTeX Font Info:    Font shape `OT1/ppl/bx/n' in size <12> not available
(Font)              Font shape `OT1/ppl/b/n' tried instead on input line 735.
LaTeX Font Info:    Font shape `OT1/ppl/bx/it' in size <12> not available
(Font)              Font shape `OT1/ppl/b/it' tried instead on input line 735.
LaTeX Font Info:    Font shape `OT1/ppl/bx/n' in size <17> not available
(Font)              Font shape `OT1/ppl/b/n' tried instead on input line 735.
LaTeX Font Info:    Font shape `OT1/ppl/bx/it' in size <17> not available
(Font)              Font shape `OT1/ppl/b/it' tried instead on input line 735.
LaTeX Font Info:    Font shape `OT1/ppl/bx/n' in size <20> not available
(Font)              Font shape `OT1/ppl/b/n' tried instead on input line 735.
LaTeX Font Info:    Font shape `OT1/ppl/bx/it' in size <20> not available
(Font)              Font shape `OT1/ppl/b/it' tried instead on input line 735.
LaTeX Font Info:    Font shape `OT1/ppl/bx/n' in size <24> not available
(Font)              Font shape `OT1/ppl/b/n' tried instead on input line 735.
LaTeX Font Info:    Font shape `OT1/ppl/bx/it' in size <24> not available
(Font)              Font shape `OT1/ppl/b/it' tried instead on input line 735.
\IEEEilabelindentA=\dimen108
\IEEEilabelindentB=\dimen109
\IEEEilabelindent=\dimen110
\IEEEelabelindent=\dimen111
\IEEEdlabelindent=\dimen112
\IEEElabelindent=\dimen113
\IEEEiednormlabelsep=\dimen114
\IEEEiedmathlabelsep=\dimen115
\IEEEiedtopsep=\skip41
\c@section=\count81
\c@subsection=\count82
\c@subsubsection=\count83
\c@paragraph=\count84
\c@IEEEsubequation=\count85
\abovecaptionskip=\skip42
\belowcaptionskip=\skip43
\c@figure=\count86
\c@table=\count87
\@IEEEeqnnumcols=\count88
\@IEEEeqncolcnt=\count89
\@IEEEtmpitemindent=\dimen116
\c@IEEEbiography=\count90
\@IEEEtranrubishbin=\box26
)
No file bare_jrnl_compsoc.aux.
LaTeX Font Info:    Checking defaults for OML/cmm/m/it on input line 426.
LaTeX Font Info:    ... okay on input line 426.
LaTeX Font Info:    Checking defaults for T1/cmr/m/n on input line 426.
LaTeX Font Info:    ... okay on input line 426.
LaTeX Font Info:    Checking defaults for OT1/cmr/m/n on input line 426.
LaTeX Font Info:    ... okay on input line 426.
LaTeX Font Info:    Checking defaults for OMS/cmsy/m/n on input line 426.
LaTeX Font Info:    ... okay on input line 426.
LaTeX Font Info:    Checking defaults for OMX/cmex/m/n on input line 426.
LaTeX Font Info:    ... okay on input line 426.
LaTeX Font Info:    Checking defaults for U/cmr/m/n on input line 426.
LaTeX Font Info:    ... okay on input line 426.
LaTeX Font Info:    Try loading font information for OT1+phv on input line 541.

("C:\Program Files (x86)\CTEX\MiKTeX\tex\latex\psnfss\ot1phv.fd"
File: ot1phv.fd 2001/06/04 scalable font definitions for OT1/phv.
)
LaTeX Font Info:    Font shape `OT1/phv/m/it' in size <11> not available
(Font)              Font shape `OT1/phv/m/sl' tried instead on input line 541.
LaTeX Font Info:    Font shape `OT1/phv/bx/n' in size <8> not available
(Font)              Font shape `OT1/phv/b/n' tried instead on input line 541.

** ATTENTION: \keywords is deprecated (line 541). Use \IEEEkeywords instead.
LaTeX Font Info:    External font `cmex10' loaded for size
(Font)              <8> on input line 541.
LaTeX Font Info:    External font `cmex10' loaded for size
(Font)              <6> on input line 541.
LaTeX Font Info:    External font `cmex10' loaded for size
(Font)              <5> on input line 541.
LaTeX Font Info:    Calculating math sizes for size <11> on input line 541.
LaTeX Font Info:    External font `cmex10' loaded for size
(Font)              <11> on input line 541.
LaTeX Font Info:    External font `cmex10' loaded for size
(Font)              <7.69997> on input line 541.
LaTeX Font Info:    External font `cmex10' loaded for size
(Font)              <5.5> on input line 541.
LaTeX Font Info:    Try loading font information for U+pzd on input line 541.
("C:\Program Files (x86)\CTEX\MiKTeX\tex\latex\psnfss\upzd.fd"
File: upzd.fd 2001/06/04 font definitions for U/pzd.
)
** ATTENTION: \keywords is deprecated (line 541). Use \IEEEkeywords instead.
LaTeX Font Info:    Font shape `OT1/phv/bx/n' in size <12> not available
(Font)              Font shape `OT1/phv/b/n' tried instead on input line 568.
LaTeX Font Info:    Font shape `OT1/phv/bx/sc' in size <12> not available
(Font)              Font shape `OT1/phv/b/sc' tried instead on input line 568.
LaTeX Font Info:    External font `cmex10' loaded for size
(Font)              <7> on input line 606.
LaTeX Font Info:    Font shape `OT1/phv/bx/n' in size <10> not available
(Font)              Font shape `OT1/phv/b/n' tried instead on input line 616.
LaTeX Font Info:    Font shape `OT1/phv/m/it' in size <10> not available
(Font)              Font shape `OT1/phv/m/sl' tried instead on input line 622.

Underfull \hbox (badness 10000) in paragraph at lines 623--625
\OT1/ppl/m/n/10 Subsubsection tex-t here.Subsubsection tex-t
 []


Underfull \hbox (badness 10000) in paragraph at lines 623--625
\OT1/ppl/m/n/10 here.Subsubsection tex-t here.Subsubsection tex-t
 []


Underfull \hbox (badness 10000) in paragraph at lines 623--625
\OT1/ppl/m/n/10 here.Subsubsection tex-t here.Subsubsection tex-t
 []


Underfull \hbox (badness 10000) in paragraph at lines 623--625
\OT1/ppl/m/n/10 here.Subsubsection tex-t here.Subsubsection tex-t
 []


Underfull \hbox (badness 10000) in paragraph at lines 623--625
\OT1/ppl/m/n/10 here.Subsubsection tex-t here.Subsubsection tex-t
 []


Underfull \hbox (badness 10000) in paragraph at lines 623--625
\OT1/ppl/m/n/10 here.Subsubsection tex-t here.Subsubsection tex-t
 []


Underfull \hbox (badness 5374) in paragraph at lines 623--625
\OT1/ppl/m/n/10 here.Subsubsection tex-t here. Sub-sub-sec-tion tex-t
 []


Underfull \hbox (badness 10000) in paragraph at lines 626--627
[]\OT1/ppl/m/n/10 Subsubsection tex-t here.Subsubsection tex-t
 []


Underfull \hbox (badness 10000) in paragraph at lines 626--627
\OT1/ppl/m/n/10 here.Subsubsection tex-t here.Subsubsection tex-t
 []


Underfull \hbox (badness 10000) in paragraph at lines 626--627
\OT1/ppl/m/n/10 here.Subsubsection tex-t here.Subsubsection tex-t
 []


Underfull \hbox (badness 10000) in paragraph at lines 626--627
\OT1/ppl/m/n/10 here.Subsubsection tex-t here.Subsubsection tex-t
 []


Underfull \hbox (badness 10000) in paragraph at lines 626--627
\OT1/ppl/m/n/10 here.Subsubsection tex-t here.Subsubsection tex-t
 []


Underfull \hbox (badness 10000) in paragraph at lines 626--627
\OT1/ppl/m/n/10 here.Subsubsection tex-t here.Subsubsection tex-t
 []


Underfull \hbox (badness 3229) in paragraph at lines 718--719
\OT1/ppl/m/n/10 The con-clu-sion goes here. The con-clu-sion goes
 []


Underfull \hbox (badness 10000) in paragraph at lines 746--747
\OT1/ppl/m/n/10 t-wo tex-t goes here.Appendix t-wo tex-t goes
 []


Underfull \hbox (badness 10000) in paragraph at lines 746--747
\OT1/ppl/m/n/10 t-wo tex-t goes here.Appendix t-wo tex-t goes
 []


Underfull \hbox (badness 10000) in paragraph at lines 746--747
\OT1/ppl/m/n/10 t-wo tex-t goes here.Appendix t-wo tex-t goes
 []


Underfull \hbox (badness 1708) in paragraph at lines 746--747
\OT1/ppl/m/n/10 here.Appendix t-wo tex-t goes here.Appendix t-wo
 []

[1{C:/Program Files (x86)/CTEX/UserData/pdftex/config/pdftex.map{Unicode.sfd}{U
GBK.sfd}}


]
Underfull \hbox (badness 2744) in paragraph at lines 828--830
\OT1/phv/b/n/8 John Doe \OT1/phv/m/n/8 Bi-og-ra-phy tex-t here.Biography tex-t 
here.Biography
 []


Underfull \hbox (badness 3029) in paragraph at lines 828--830
\OT1/phv/m/n/8 t here.Biography tex-t here.Biography tex-t here.Biography tex-
 []


Underfull \hbox (badness 3029) in paragraph at lines 828--830
\OT1/phv/m/n/8 t here.Biography tex-t here.Biography tex-t here.Biography tex-
 []


Underfull \hbox (badness 3029) in paragraph at lines 828--830
\OT1/phv/m/n/8 t here.Biography tex-t here.Biography tex-t here.Biography tex-
 []


Underfull \hbox (badness 3029) in paragraph at lines 828--830
\OT1/phv/m/n/8 t here.Biography tex-t here.Biography tex-t here.Biography tex-
 []


Underfull \hbox (badness 3029) in paragraph at lines 828--830
\OT1/phv/m/n/8 t here.Biography tex-t here.Biography tex-t here.Biography tex-
 []


Underfull \hbox (badness 3029) in paragraph at lines 828--830
\OT1/phv/m/n/8 t here.Biography tex-t here.Biography tex-t here.Biography tex-
 []


Underfull \hbox (badness 3029) in paragraph at lines 828--830
\OT1/phv/m/n/8 t here.Biography tex-t here.Biography tex-t here.Biography tex-
 []


Underfull \hbox (badness 3029) in paragraph at lines 828--830
\OT1/phv/m/n/8 t here.Biography tex-t here.Biography tex-t here.Biography tex-
 []


Underfull \hbox (badness 3058) in paragraph at lines 836--838
\OT1/phv/b/n/8 Jane Doe \OT1/phv/m/n/8 Bi-og-ra-phy tex-t here.Biography tex-t 
here.Biography
 []


Underfull \hbox (badness 3029) in paragraph at lines 836--838
\OT1/phv/m/n/8 t here.Biography tex-t here.Biography tex-t here.Biography tex-
 []


Underfull \hbox (badness 3029) in paragraph at lines 836--838
\OT1/phv/m/n/8 t here.Biography tex-t here.Biography tex-t here.Biography tex-
 []


Underfull \hbox (badness 3029) in paragraph at lines 836--838
\OT1/phv/m/n/8 t here.Biography tex-t here.Biography tex-t here.Biography tex-
 []


Underfull \hbox (badness 3029) in paragraph at lines 836--838
\OT1/phv/m/n/8 t here.Biography tex-t here.Biography tex-t here.Biography tex-
 []


Underfull \hbox (badness 3029) in paragraph at lines 836--838
\OT1/phv/m/n/8 t here.Biography tex-t here.Biography tex-t here.Biography tex-
 []


Underfull \hbox (badness 3029) in paragraph at lines 836--838
\OT1/phv/m/n/8 t here.Biography tex-t here.Biography tex-t here.Biography tex-
 []


Underfull \hbox (badness 3029) in paragraph at lines 836--838
\OT1/phv/m/n/8 t here.Biography tex-t here.Biography tex-t here.Biography tex-
 []

[2

] ("D:\My SVN Project\Nonobtuse_my\ieeetran-final_sub\bare_jrnl_compsoc.aux")

LaTeX Warning: Label(s) may have changed. Rerun to get cross-references right.

 ) 
Here is how much of TeX's memory you used:
 1024 strings out of 495362
 17709 string characters out of 3182903
 66829 words of memory out of 3000000
 4232 multiletter control sequences out of 15000+200000
 51115 words of font info for 100 fonts, out of 3000000 for 9000
 17 hyphenation exceptions out of 8191
 28i,8n,28p,725b,352s stack positions out of 5000i,500n,10000p,200000b,50000s
{C:/Program Files (x86)/CTEX/MiKTeX/fonts/enc/dvips/fontname/8r.enc}<C:/Progr
am Files (x86)/CTEX/MiKTeX/fonts/type1/public/amsfonts/cm/cmsy8.pfb><C:/Program
 Files (x86)/CTEX/MiKTeX/fonts/type1/urw/helvetic/uhvb8a.pfb><C:/Program Files 
(x86)/CTEX/MiKTeX/fonts/type1/urw/helvetic/uhvr8a.pfb><C:/Program Files (x86)/C
TEX/MiKTeX/fonts/type1/urw/helvetic/uhvro8a.pfb><C:/Program Files (x86)/CTEX/Mi
KTeX/fonts/type1/urw/palatino/uplr8a.pfb><C:/Program Files (x86)/CTEX/MiKTeX/fo
nts/type1/urw/palatino/uplri8a.pfb><C:/Program Files (x86)/CTEX/MiKTeX/fonts/ty
pe1/urw/zapfding/uzdr.pfb>
Output written on bare_jrnl_compsoc.pdf (2 pages, 77543 bytes).
PDF statistics:
 38 PDF objects out of 1000 (max. 8388607)
 0 named destinations out of 1000 (max. 500000)
 1 words of extra memory for PDF output out of 10000 (max. 10000000)

