D:\MY SVN PROJECT\NONOBTUSE_NEW\CODE\IPOPT\EXAMPLES\CPP_EXAMPLE\RELEASE\CPP_EXAMPLE.EXE.INTERMEDIATE.MANIFEST
D:\MY SVN PROJECT\NONOBTUSE_NEW\CODE\IPOPT\EXAMPLES\CPP_EXAMPLE\RELEASE\CPP_EXAMPLE.OBJ
D:\MY SVN PROJECT\NONOBTUSE_NEW\CODE\IPOPT\EXAMPLES\CPP_EXAMPLE\RELEASE\SOLVER.OBJ
D:\MY SVN PROJECT\NONOBTUSE_NEW\CODE\IPOPT\EXAMPLES\CPP_EXAMPLE\RELEASE\VC100.PDB
D:\MY SVN PROJECT\NONOBTUSE_NEW\CODE\IPOPT\EXAMPLES\RELEASE\CPP_EXAMPLE.EXE
D:\MY SVN PROJECT\NONOBTUSE_NEW\CODE\IPOPT\EXAMPLES\RELEASE\CPP_EXAMPLE.PDB
D:\My SVN Project\Nonobtuse_new\code\ipopt_my\examples\cpp_example\Release\cl.command.1.tlog
D:\My SVN Project\Nonobtuse_new\code\ipopt_my\examples\cpp_example\Release\CL.read.1.tlog
D:\My SVN Project\Nonobtuse_new\code\ipopt_my\examples\cpp_example\Release\CL.write.1.tlog
D:\MY SVN PROJECT\NONOBTUSE_NEW\CODE\IPOPT_MY\EXAMPLES\CPP_EXAMPLE\RELEASE\CPP_EXAMPLE.EXE.INTERMEDIATE.MANIFEST
D:\MY SVN PROJECT\NONOBTUSE_NEW\CODE\IPOPT_MY\EXAMPLES\CPP_EXAMPLE\RELEASE\CPP_EXAMPLE.OBJ
D:\My SVN Project\Nonobtuse_new\code\ipopt_my\examples\cpp_example\Release\link.command.1.tlog
D:\My SVN Project\Nonobtuse_new\code\ipopt_my\examples\cpp_example\Release\link.read.1.tlog
D:\My SVN Project\Nonobtuse_new\code\ipopt_my\examples\cpp_example\Release\link.write.1.tlog
D:\My SVN Project\Nonobtuse_new\code\ipopt_my\examples\cpp_example\Release\mt.command.1.tlog
D:\My SVN Project\Nonobtuse_new\code\ipopt_my\examples\cpp_example\Release\mt.read.1.tlog
D:\My SVN Project\Nonobtuse_new\code\ipopt_my\examples\cpp_example\Release\mt.write.1.tlog
D:\MY SVN PROJECT\NONOBTUSE_NEW\CODE\IPOPT_MY\EXAMPLES\CPP_EXAMPLE\RELEASE\SOLVER.OBJ
D:\MY SVN PROJECT\NONOBTUSE_NEW\CODE\IPOPT_MY\EXAMPLES\CPP_EXAMPLE\RELEASE\VC100.PDB
D:\MY SVN PROJECT\NONOBTUSE_NEW\CODE\IPOPT_MY\EXAMPLES\RELEASE\CPP_EXAMPLE.EXE
D:\MY SVN PROJECT\NONOBTUSE_NEW\CODE\IPOPT_MY\EXAMPLES\RELEASE\CPP_EXAMPLE.PDB
