Build started 05/09/2012 6:22:46 PM.
     1>Project "D:\My SVN Project\Nonobtuse_new\code\ipopt_my\examples\cpp_example\cpp_example.vcxproj" on node 2 (build target(s)).
     1>InitializeBuildStatus:
         Touching "Debug\cpp_example.unsuccessfulbuild".
       ClCompile:
         c:\Program Files (x86)\Microsoft Visual Studio 10.0\VC\bin\CL.exe /c /I..\ipopt\include\coin /I"D:\Program_Library\Ipopt\Ipopt-3.10.1-Win32-Win64-dll\include\coin" /I"D:\Program_Library\VC\glui-2.36\src\include" /I"D:\Program_Library\VC\567_forHui\567-forHui\Geometry Enhancement\Workspace\Smoother" /ZI /nologo /W3 /WX- /Od /Oy- /D WIN32 /D _DEBUG /D _CONSOLE /D HAVE_ASSERT_H /D HAVE_CONFIG_H /D HAVE_MATH_H /D HAVE_STDIO_H /D HAVE_STDLIB_H /D HAVE_STRING_H /D _UNICODE /D UNICODE /Gm /EHsc /RTC1 /MDd /GS /fp:precise /Zc:wchar_t /Zc:forScope /Fo"Debug\\" /Fd"Debug\vc100.pdb" /Gd /TP /analyze- /errorReport:prompt Solver.cpp
         Solver.cpp
     1>d:\my svn project\nonobtuse_new\code\ipopt_my\examples\cpp_example\solver.cpp(40): warning C4018: '<' : signed/unsigned mismatch
     1>d:\my svn project\nonobtuse_new\code\ipopt_my\examples\cpp_example\solver.cpp(45): warning C4018: '<' : signed/unsigned mismatch
       ManifestResourceCompile:
         C:\Program Files (x86)\Microsoft SDKs\Windows\v7.0A\bin\rc.exe /nologo /fo"Debug\cpp_example.exe.embed.manifest.res" Debug\cpp_example_manifest.rc 
       Link:
         c:\Program Files (x86)\Microsoft Visual Studio 10.0\VC\bin\link.exe /ERRORREPORT:PROMPT /OUT:"D:\My SVN Project\Nonobtuse_new\code\ipopt_my\examples\Debug\cpp_example.exe" /INCREMENTAL /NOLOGO /LIBPATH:..\ipopt\lib\win32\debug IpOptFSS.lib "IpOpt-vc10.lib" kernel32.lib user32.lib gdi32.lib winspool.lib comdlg32.lib advapi32.lib shell32.lib ole32.lib oleaut32.lib uuid.lib odbc32.lib odbccp32.lib /MANIFEST /ManifestFile:"Debug\cpp_example.exe.intermediate.manifest" /MANIFESTUAC:"level='asInvoker' uiAccess='false'" /DEBUG /PDB:"D:\My SVN Project\Nonobtuse_new\code\ipopt_my\examples\Debug\cpp_example.pdb" /SUBSYSTEM:CONSOLE /TLBID:1 /DYNAMICBASE /NXCOMPAT /IMPLIB:"D:\My SVN Project\Nonobtuse_new\code\ipopt_my\examples\Debug\cpp_example.lib" /MACHINE:X86 Debug\cpp_example.exe.embed.manifest.res
         Debug\cpp_example.obj
         Debug\Solver.obj
       Manifest:
         C:\Program Files (x86)\Microsoft SDKs\Windows\v7.0A\bin\mt.exe /nologo /verbose /out:"Debug\cpp_example.exe.embed.manifest" /manifest Debug\cpp_example.exe.intermediate.manifest
         C:\Program Files (x86)\Microsoft SDKs\Windows\v7.0A\bin\rc.exe /nologo /fo"Debug\cpp_example.exe.embed.manifest.res" Debug\cpp_example_manifest.rc 
       LinkEmbedManifest:
         c:\Program Files (x86)\Microsoft Visual Studio 10.0\VC\bin\link.exe /ERRORREPORT:PROMPT /OUT:"D:\My SVN Project\Nonobtuse_new\code\ipopt_my\examples\Debug\cpp_example.exe" /INCREMENTAL /NOLOGO /LIBPATH:..\ipopt\lib\win32\debug IpOptFSS.lib "IpOpt-vc10.lib" kernel32.lib user32.lib gdi32.lib winspool.lib comdlg32.lib advapi32.lib shell32.lib ole32.lib oleaut32.lib uuid.lib odbc32.lib odbccp32.lib /MANIFEST /ManifestFile:"Debug\cpp_example.exe.intermediate.manifest" /MANIFESTUAC:"level='asInvoker' uiAccess='false'" /DEBUG /PDB:"D:\My SVN Project\Nonobtuse_new\code\ipopt_my\examples\Debug\cpp_example.pdb" /SUBSYSTEM:CONSOLE /TLBID:1 /DYNAMICBASE /NXCOMPAT /IMPLIB:"D:\My SVN Project\Nonobtuse_new\code\ipopt_my\examples\Debug\cpp_example.lib" /MACHINE:X86 Debug\cpp_example.exe.embed.manifest.res
         Debug\cpp_example.obj
         Debug\Solver.obj
         cpp_example.vcxproj -> D:\My SVN Project\Nonobtuse_new\code\ipopt_my\examples\Debug\cpp_example.exe
       FinalizeBuildStatus:
         Deleting file "Debug\cpp_example.unsuccessfulbuild".
         Touching "Debug\cpp_example.lastbuildstate".
     1>Done Building Project "D:\My SVN Project\Nonobtuse_new\code\ipopt_my\examples\cpp_example\cpp_example.vcxproj" (build target(s)).

Build succeeded.

Time Elapsed 00:00:05.79
