D:\MY SVN PROJECT\NONOBTUSE_NEW\CODE\IPOPT\EXAMPLES\CPP_EXAMPLE\DEBUG\CPP_EXAMPLE.EXE.EMBED.MANIFEST
D:\MY SVN PROJECT\NONOBTUSE_NEW\CODE\IPOPT\EXAMPLES\CPP_EXAMPLE\DEBUG\CPP_EXAMPLE.EXE.EMBED.MANIFEST.RES
D:\MY SVN PROJECT\NONOBTUSE_NEW\CODE\IPOPT\EXAMPLES\CPP_EXAMPLE\DEBUG\CPP_EXAMPLE.EXE.INTERMEDIATE.MANIFEST
D:\MY SVN PROJECT\NONOBTUSE_NEW\CODE\IPOPT\EXAMPLES\CPP_EXAMPLE\DEBUG\CPP_EXAMPLE.OBJ
D:\MY SVN PROJECT\NONOBTUSE_NEW\CODE\IPOPT\EXAMPLES\CPP_EXAMPLE\DEBUG\MYNLP.OBJ
D:\MY SVN PROJECT\NONOBTUSE_NEW\CODE\IPOPT\EXAMPLES\CPP_EXAMPLE\DEBUG\VC100.PDB
D:\MY SVN PROJECT\NONOBTUSE_NEW\CODE\IPOPT\EXAMPLES\DEBUG\CPP_EXAMPLE.EXE
D:\MY SVN PROJECT\NONOBTUSE_NEW\CODE\IPOPT\EXAMPLES\DEBUG\CPP_EXAMPLE.ILK
D:\MY SVN PROJECT\NONOBTUSE_NEW\CODE\IPOPT\EXAMPLES\DEBUG\CPP_EXAMPLE.PDB
D:\My SVN Project\Nonobtuse_new\code\ipopt_my\examples\cpp_example\Debug\cl.command.1.tlog
D:\My SVN Project\Nonobtuse_new\code\ipopt_my\examples\cpp_example\Debug\CL.read.1.tlog
D:\My SVN Project\Nonobtuse_new\code\ipopt_my\examples\cpp_example\Debug\CL.write.1.tlog
D:\My SVN Project\Nonobtuse_new\code\ipopt_my\examples\cpp_example\Debug\cpp_example.exe.embed.manifest
D:\My SVN Project\Nonobtuse_new\code\ipopt_my\examples\cpp_example\Debug\cpp_example.exe.embed.manifest.res
D:\My SVN Project\Nonobtuse_new\code\ipopt_my\examples\cpp_example\Debug\cpp_example.exe.intermediate.manifest
D:\My SVN Project\Nonobtuse_new\code\ipopt_my\examples\cpp_example\Debug\cpp_example.obj
D:\My SVN Project\Nonobtuse_new\code\ipopt_my\examples\cpp_example\Debug\cpp_example_manifest.rc
D:\My SVN Project\Nonobtuse_new\code\ipopt_my\examples\cpp_example\Debug\link.6636.read.1.tlog
D:\My SVN Project\Nonobtuse_new\code\ipopt_my\examples\cpp_example\Debug\link.6636.write.1.tlog
D:\My SVN Project\Nonobtuse_new\code\ipopt_my\examples\cpp_example\Debug\link.6636-cvtres.read.1.tlog
D:\My SVN Project\Nonobtuse_new\code\ipopt_my\examples\cpp_example\Debug\link.6636-cvtres.write.1.tlog
D:\My SVN Project\Nonobtuse_new\code\ipopt_my\examples\cpp_example\Debug\link.command.1.tlog
D:\My SVN Project\Nonobtuse_new\code\ipopt_my\examples\cpp_example\Debug\link.read.1.tlog
D:\My SVN Project\Nonobtuse_new\code\ipopt_my\examples\cpp_example\Debug\link.write.1.tlog
D:\My SVN Project\Nonobtuse_new\code\ipopt_my\examples\cpp_example\Debug\link-cvtres.read.1.tlog
D:\My SVN Project\Nonobtuse_new\code\ipopt_my\examples\cpp_example\Debug\link-cvtres.write.1.tlog
D:\My SVN Project\Nonobtuse_new\code\ipopt_my\examples\cpp_example\Debug\mt.command.1.tlog
D:\My SVN Project\Nonobtuse_new\code\ipopt_my\examples\cpp_example\Debug\mt.read.1.tlog
D:\My SVN Project\Nonobtuse_new\code\ipopt_my\examples\cpp_example\Debug\mt.write.1.tlog
D:\My SVN Project\Nonobtuse_new\code\ipopt_my\examples\cpp_example\Debug\MyNLP.obj
D:\My SVN Project\Nonobtuse_new\code\ipopt_my\examples\cpp_example\Debug\rc.command.1.tlog
D:\My SVN Project\Nonobtuse_new\code\ipopt_my\examples\cpp_example\Debug\rc.read.1.tlog
D:\My SVN Project\Nonobtuse_new\code\ipopt_my\examples\cpp_example\Debug\rc.write.1.tlog
D:\My SVN Project\Nonobtuse_new\code\ipopt_my\examples\cpp_example\Debug\vc100.idb
D:\My SVN Project\Nonobtuse_new\code\ipopt_my\examples\cpp_example\Debug\vc100.pdb
D:\My SVN Project\Nonobtuse_new\code\ipopt_my\examples\Debug\cpp_example.exe
D:\My SVN Project\Nonobtuse_new\code\ipopt_my\examples\Debug\cpp_example.ilk
D:\My SVN Project\Nonobtuse_new\code\ipopt_my\examples\Debug\cpp_example.pdb
